c:\users\meir\source\repos\Fly\Fly\Airplane.js
c:\users\meir\source\repos\Fly\Fly\Airplane.js.map
c:\users\meir\source\repos\Fly\Fly\app.js
c:\users\meir\source\repos\Fly\Fly\app.js.map
c:\users\meir\source\repos\Fly\Fly\Bird.js
c:\users\meir\source\repos\Fly\Fly\Bird.js.map
c:\users\meir\source\repos\Fly\Fly\IFly.js
c:\users\meir\source\repos\Fly\Fly\IFly.js.map
c:\users\meir\source\repos\Fly\Fly\Kyte.js
c:\users\meir\source\repos\Fly\Fly\Kyte.js.map
c:\users\meir\source\repos\Fly\Fly\Airplane.js
c:\users\meir\source\repos\Fly\Fly\Airplane.js.map
c:\users\meir\source\repos\Fly\Fly\app.js
c:\users\meir\source\repos\Fly\Fly\app.js.map
c:\users\meir\source\repos\Fly\Fly\Bird.js
c:\users\meir\source\repos\Fly\Fly\Bird.js.map
c:\users\meir\source\repos\Fly\Fly\IFly.js
c:\users\meir\source\repos\Fly\Fly\IFly.js.map
c:\users\meir\source\repos\Fly\Fly\Kyte.js
c:\users\meir\source\repos\Fly\Fly\Kyte.js.map
c:\users\meir\source\repos\Fly\Fly\Airplane.js
c:\users\meir\source\repos\Fly\Fly\Airplane.js.map
c:\users\meir\source\repos\Fly\Fly\app.js
c:\users\meir\source\repos\Fly\Fly\app.js.map
c:\users\meir\source\repos\Fly\Fly\Bird.js
c:\users\meir\source\repos\Fly\Fly\Bird.js.map
c:\users\meir\source\repos\Fly\Fly\IFly.js
c:\users\meir\source\repos\Fly\Fly\IFly.js.map
c:\users\meir\source\repos\Fly\Fly\Kyte.js
c:\users\meir\source\repos\Fly\Fly\Kyte.js.map
c:\users\meir\source\repos\Fly\Fly\Airplane.js
c:\users\meir\source\repos\Fly\Fly\Airplane.js.map
c:\users\meir\source\repos\Fly\Fly\app.js
c:\users\meir\source\repos\Fly\Fly\app.js.map
c:\users\meir\source\repos\Fly\Fly\Bird.js
c:\users\meir\source\repos\Fly\Fly\Bird.js.map
c:\users\meir\source\repos\Fly\Fly\IFly.js
c:\users\meir\source\repos\Fly\Fly\IFly.js.map
c:\users\meir\source\repos\Fly\Fly\Kyte.js
c:\users\meir\source\repos\Fly\Fly\Kyte.js.map
c:\users\meir\source\repos\Fly\Fly\Airplane.js
c:\users\meir\source\repos\Fly\Fly\Airplane.js.map
c:\users\meir\source\repos\Fly\Fly\app.js
c:\users\meir\source\repos\Fly\Fly\app.js.map
c:\users\meir\source\repos\Fly\Fly\Bird.js
c:\users\meir\source\repos\Fly\Fly\Bird.js.map
c:\users\meir\source\repos\Fly\Fly\IFly.js
c:\users\meir\source\repos\Fly\Fly\IFly.js.map
c:\users\meir\source\repos\Fly\Fly\Kyte.js
c:\users\meir\source\repos\Fly\Fly\Kyte.js.map
c:\users\meir\source\repos\Fly\Fly\Airplane.js
c:\users\meir\source\repos\Fly\Fly\Airplane.js.map
c:\users\meir\source\repos\Fly\Fly\app.js
c:\users\meir\source\repos\Fly\Fly\app.js.map
c:\users\meir\source\repos\Fly\Fly\Bird.js
c:\users\meir\source\repos\Fly\Fly\Bird.js.map
c:\users\meir\source\repos\Fly\Fly\IFly.js
c:\users\meir\source\repos\Fly\Fly\IFly.js.map
c:\users\meir\source\repos\Fly\Fly\Kyte.js
c:\users\meir\source\repos\Fly\Fly\Kyte.js.map
c:\users\meir\source\repos\Fly\Fly\Airplane.js
c:\users\meir\source\repos\Fly\Fly\Airplane.js.map
c:\users\meir\source\repos\Fly\Fly\app.js
c:\users\meir\source\repos\Fly\Fly\app.js.map
c:\users\meir\source\repos\Fly\Fly\Bird.js
c:\users\meir\source\repos\Fly\Fly\Bird.js.map
c:\users\meir\source\repos\Fly\Fly\IFly.js
c:\users\meir\source\repos\Fly\Fly\IFly.js.map
c:\users\meir\source\repos\Fly\Fly\Kyte.js
c:\users\meir\source\repos\Fly\Fly\Kyte.js.map
c:\users\meir\source\repos\Fly\Fly\Airplane.js
c:\users\meir\source\repos\Fly\Fly\Airplane.js.map
c:\users\meir\source\repos\Fly\Fly\app.js
c:\users\meir\source\repos\Fly\Fly\app.js.map
c:\users\meir\source\repos\Fly\Fly\Bird.js
c:\users\meir\source\repos\Fly\Fly\Bird.js.map
c:\users\meir\source\repos\Fly\Fly\IFly.js
c:\users\meir\source\repos\Fly\Fly\IFly.js.map
c:\users\meir\source\repos\Fly\Fly\Kyte.js
c:\users\meir\source\repos\Fly\Fly\Kyte.js.map
c:\users\meir\source\repos\Fly\Fly\Airplane.js
c:\users\meir\source\repos\Fly\Fly\Airplane.js.map
c:\users\meir\source\repos\Fly\Fly\app.js
c:\users\meir\source\repos\Fly\Fly\app.js.map
c:\users\meir\source\repos\Fly\Fly\Bird.js
c:\users\meir\source\repos\Fly\Fly\Bird.js.map
c:\users\meir\source\repos\Fly\Fly\IFly.js
c:\users\meir\source\repos\Fly\Fly\IFly.js.map
c:\users\meir\source\repos\Fly\Fly\Kyte.js
c:\users\meir\source\repos\Fly\Fly\Kyte.js.map
